<?xml version="1.0" encoding="utf-8"?>
<coverage line-rate="0.7734000000000001" branch-rate="0.5743" version="1.9" timestamp="1616464207" lines-covered="642" lines-valid="830" branches-covered="85" branches-valid="148">
  <sources>
    <source>/workspaces/NetLab/src/services/scenes/Service/Scenes.Service/</source>
  </sources>
  <packages>
    <package name="Scenes.Service" line-rate="0.7734000000000001" branch-rate="0.5743" complexity="225">
      <classes>
        <class name="Scenes.Service.ApplicationBuilderExtensions" filename="ApplicationBuilderExtensions.cs" line-rate="0.9456" branch-rate="0.6875" complexity="16">
          <methods>
            <method name="UseStaticFilesWithCacheControl" signature="(Microsoft.AspNetCore.Builder.IApplicationBuilder)" line-rate="0.8332999999999999" branch-rate="0" complexity="2">
              <lines>
                <line number="26" hits="29" branch="False" />
                <line number="27" hits="29" branch="False" />
                <line number="28" hits="29" branch="False" />
                <line number="29" hits="29" branch="False" />
                <line number="30" hits="29" branch="False" />
                <line number="31" hits="29" branch="False" />
                <line number="32" hits="29" branch="False" />
                <line number="33" hits="29" branch="False" />
                <line number="34" hits="29" branch="False" />
                <line number="35" hits="29" branch="False" />
                <line number="36" hits="29" branch="False" />
                <line number="37" hits="29" branch="False" />
                <line number="38" hits="0" branch="True" condition-coverage="0% (0/2)">
                  <conditions>
                    <condition number="6" type="jump" coverage="0%" />
                  </conditions>
                </line>
                <line number="39" hits="29" branch="False" />
                <line number="40" hits="0" branch="False" />
                <line number="41" hits="29" branch="False" />
                <line number="42" hits="0" branch="False" />
                <line number="43" hits="29" branch="False" />
              </lines>
            </method>
            <method name="UseCustomSerilogRequestLogging" signature="(Microsoft.AspNetCore.Builder.IApplicationBuilder)" line-rate="0.9621999999999999" branch-rate="1" complexity="4">
              <lines>
                <line number="53" hits="29" branch="False" />
                <line number="54" hits="29" branch="False" />
                <line number="55" hits="29" branch="False" />
                <line number="56" hits="29" branch="False" />
                <line number="57" hits="29" branch="False" />
                <line number="58" hits="27" branch="False" />
                <line number="59" hits="27" branch="False" />
                <line number="60" hits="27" branch="False" />
                <line number="61" hits="29" branch="False" />
                <line number="62" hits="27" branch="False" />
                <line number="63" hits="27" branch="False" />
                <line number="64" hits="27" branch="False" />
                <line number="65" hits="29" branch="False" />
                <line number="66" hits="27" branch="True" condition-coverage="100% (2/2)">
                  <conditions>
                    <condition number="94" type="jump" coverage="100%" />
                  </conditions>
                </line>
                <line number="67" hits="29" branch="False" />
                <line number="68" hits="7" branch="False" />
                <line number="69" hits="29" branch="False" />
                <line number="70" hits="29" branch="False" />
                <line number="71" hits="27" branch="True" condition-coverage="100% (2/2)">
                  <conditions>
                    <condition number="123" type="jump" coverage="100%" />
                  </conditions>
                </line>
                <line number="72" hits="29" branch="False" />
                <line number="73" hits="27" branch="False" />
                <line number="74" hits="29" branch="False" />
                <line number="75" hits="29" branch="False" />
                <line number="76" hits="27" branch="False" />
                <line number="77" hits="56" branch="False" />
                <line number="78" hits="29" branch="False" />
                <line number="79" hits="29" branch="False" />
                <line number="80" hits="29" branch="False" />
                <line number="81" hits="29" branch="False" />
                <line number="82" hits="29" branch="False" />
                <line number="83" hits="29" branch="False" />
                <line number="84" hits="29" branch="False" />
                <line number="85" hits="29" branch="False" />
                <line number="86" hits="2" branch="False" />
                <line number="87" hits="29" branch="False" />
                <line number="88" hits="29" branch="False" />
                <line number="89" hits="27" branch="False" />
                <line number="90" hits="29" branch="False" />
                <line number="91" hits="29" branch="False" />
                <line number="92" hits="0" branch="False" />
                <line number="93" hits="29" branch="False" />
                <line number="94" hits="29" branch="False" />
                <line number="95" hits="29" branch="False" />
                <line number="96" hits="29" branch="False" />
                <line number="97" hits="29" branch="False" />
                <line number="98" hits="29" branch="False" />
                <line number="99" hits="29" branch="False" />
                <line number="100" hits="29" branch="False" />
                <line number="101" hits="29" branch="False" />
                <line number="102" hits="29" branch="False" />
                <line number="103" hits="0" branch="False" />
                <line number="104" hits="29" branch="False" />
                <line number="105" hits="58" branch="False" />
              </lines>
            </method>
            <method name="UseCustomSwaggerUI" signature="(Microsoft.AspNetCore.Builder.IApplicationBuilder)" line-rate="1" branch-rate="1" complexity="2">
              <lines>
                <line number="108" hits="29" branch="False" />
                <line number="109" hits="29" branch="False" />
                <line number="110" hits="29" branch="False" />
                <line number="111" hits="29" branch="False" />
                <line number="112" hits="29" branch="False" />
                <line number="113" hits="29" branch="False" />
                <line number="114" hits="29" branch="False" />
                <line number="115" hits="29" branch="False" />
                <line number="116" hits="29" branch="False" />
                <line number="117" hits="29" branch="False" />
                <line number="118" hits="29" branch="False" />
                <line number="119" hits="29" branch="False" />
                <line number="120" hits="116" branch="True" condition-coverage="100% (2/2)">
                  <conditions>
                    <condition number="162" type="jump" coverage="100%" />
                  </conditions>
                </line>
                <line number="121" hits="29" branch="False" />
                <line number="122" hits="58" branch="False" />
                <line number="123" hits="29" branch="False" />
                <line number="124" hits="29" branch="False" />
                <line number="125" hits="29" branch="False" />
                <line number="126" hits="29" branch="False" />
                <line number="127" hits="29" branch="False" />
                <line number="128" hits="58" branch="False" />
              </lines>
            </method>
          </methods>
          <lines>
            <line number="26" hits="29" branch="False" />
            <line number="27" hits="29" branch="False" />
            <line number="28" hits="29" branch="False" />
            <line number="29" hits="29" branch="False" />
            <line number="30" hits="29" branch="False" />
            <line number="31" hits="29" branch="False" />
            <line number="32" hits="29" branch="False" />
            <line number="33" hits="29" branch="False" />
            <line number="34" hits="29" branch="False" />
            <line number="35" hits="29" branch="False" />
            <line number="36" hits="29" branch="False" />
            <line number="37" hits="29" branch="False" />
            <line number="38" hits="0" branch="True" condition-coverage="0% (0/2)">
              <conditions>
                <condition number="6" type="jump" coverage="0%" />
              </conditions>
            </line>
            <line number="39" hits="29" branch="False" />
            <line number="40" hits="0" branch="False" />
            <line number="41" hits="29" branch="False" />
            <line number="42" hits="0" branch="False" />
            <line number="43" hits="29" branch="False" />
            <line number="53" hits="29" branch="False" />
            <line number="54" hits="29" branch="False" />
            <line number="55" hits="29" branch="False" />
            <line number="56" hits="29" branch="False" />
            <line number="57" hits="29" branch="False" />
            <line number="58" hits="27" branch="False" />
            <line number="59" hits="27" branch="False" />
            <line number="60" hits="27" branch="False" />
            <line number="61" hits="29" branch="False" />
            <line number="62" hits="27" branch="False" />
            <line number="63" hits="27" branch="False" />
            <line number="64" hits="27" branch="False" />
            <line number="65" hits="29" branch="False" />
            <line number="66" hits="27" branch="True" condition-coverage="100% (2/2)">
              <conditions>
                <condition number="94" type="jump" coverage="100%" />
              </conditions>
            </line>
            <line number="67" hits="29" branch="False" />
            <line number="68" hits="7" branch="False" />
            <line number="69" hits="29" branch="False" />
            <line number="70" hits="29" branch="False" />
            <line number="71" hits="27" branch="True" condition-coverage="100% (2/2)">
              <conditions>
                <condition number="123" type="jump" coverage="100%" />
              </conditions>
            </line>
            <line number="72" hits="29" branch="False" />
            <line number="73" hits="27" branch="False" />
            <line number="74" hits="29" branch="False" />
            <line number="75" hits="29" branch="False" />
            <line number="76" hits="27" branch="False" />
            <line number="77" hits="56" branch="False" />
            <line number="78" hits="29" branch="False" />
            <line number="79" hits="29" branch="False" />
            <line number="80" hits="29" branch="False" />
            <line number="81" hits="29" branch="False" />
            <line number="82" hits="29" branch="False" />
            <line number="83" hits="29" branch="False" />
            <line number="84" hits="29" branch="False" />
            <line number="85" hits="29" branch="False" />
            <line number="86" hits="2" branch="False" />
            <line number="87" hits="29" branch="False" />
            <line number="88" hits="29" branch="False" />
            <line number="89" hits="27" branch="False" />
            <line number="90" hits="29" branch="False" />
            <line number="91" hits="29" branch="False" />
            <line number="92" hits="0" branch="False" />
            <line number="93" hits="29" branch="False" />
            <line number="94" hits="29" branch="False" />
            <line number="95" hits="29" branch="False" />
            <line number="96" hits="29" branch="False" />
            <line number="97" hits="29" branch="False" />
            <line number="98" hits="29" branch="False" />
            <line number="99" hits="29" branch="False" />
            <line number="100" hits="29" branch="False" />
            <line number="101" hits="29" branch="False" />
            <line number="102" hits="29" branch="False" />
            <line number="103" hits="0" branch="False" />
            <line number="104" hits="29" branch="False" />
            <line number="105" hits="58" branch="False" />
            <line number="108" hits="29" branch="False" />
            <line number="109" hits="29" branch="False" />
            <line number="110" hits="29" branch="False" />
            <line number="111" hits="29" branch="False" />
            <line number="112" hits="29" branch="False" />
            <line number="113" hits="29" branch="False" />
            <line number="114" hits="29" branch="False" />
            <line number="115" hits="29" branch="False" />
            <line number="116" hits="29" branch="False" />
            <line number="117" hits="29" branch="False" />
            <line number="118" hits="29" branch="False" />
            <line number="119" hits="29" branch="False" />
            <line number="120" hits="116" branch="True" condition-coverage="100% (2/2)">
              <conditions>
                <condition number="162" type="jump" coverage="100%" />
              </conditions>
            </line>
            <line number="121" hits="29" branch="False" />
            <line number="122" hits="58" branch="False" />
            <line number="123" hits="29" branch="False" />
            <line number="124" hits="29" branch="False" />
            <line number="125" hits="29" branch="False" />
            <line number="126" hits="29" branch="False" />
            <line number="127" hits="29" branch="False" />
            <line number="128" hits="58" branch="False" />
          </lines>
        </class>
        <class name="Scenes.Service.AssemblyInformation" filename="AssemblyInformation.cs" line-rate="1" branch-rate="1" complexity="2">
          <methods>
            <method name="get_Product" signature="()" line-rate="1" branch-rate="1" complexity="1">
              <lines>
                <line number="5" hits="33" branch="False" />
              </lines>
            </method>
            <method name=".ctor" signature="(System.String,System.String,System.String)" line-rate="1" branch-rate="1" complexity="1">
              <lines>
                <line number="6" hits="1" branch="False" />
                <line number="7" hits="1" branch="False" />
                <line number="8" hits="1" branch="False" />
                <line number="9" hits="1" branch="False" />
                <line number="10" hits="1" branch="False" />
                <line number="11" hits="1" branch="False" />
                <line number="12" hits="1" branch="False" />
                <line number="13" hits="1" branch="False" />
                <line number="14" hits="1" branch="False" />
                <line number="15" hits="1" branch="False" />
                <line number="16" hits="1" branch="False" />
              </lines>
            </method>
          </methods>
          <lines>
            <line number="5" hits="33" branch="False" />
            <line number="6" hits="1" branch="False" />
            <line number="7" hits="1" branch="False" />
            <line number="8" hits="1" branch="False" />
            <line number="9" hits="1" branch="False" />
            <line number="10" hits="1" branch="False" />
            <line number="11" hits="1" branch="False" />
            <line number="12" hits="1" branch="False" />
            <line number="13" hits="1" branch="False" />
            <line number="14" hits="1" branch="False" />
            <line number="15" hits="1" branch="False" />
            <line number="16" hits="1" branch="False" />
          </lines>
        </class>
        <class name="Scenes.Service.ConfigureSwaggerOptions" filename="ConfigureSwaggerOptions.cs" line-rate="0" branch-rate="0" complexity="5">
          <methods>
            <method name="Configure" signature="(Swashbuckle.AspNetCore.SwaggerGen.SwaggerGenOptions)" line-rate="0" branch-rate="0" complexity="4">
              <lines>
                <line number="22" hits="0" branch="False" />
                <line number="23" hits="0" branch="False" />
                <line number="26" hits="0" branch="False" />
                <line number="28" hits="0" branch="False" />
                <line number="29" hits="0" branch="False" />
                <line number="30" hits="0" branch="False" />
                <line number="31" hits="0" branch="False" />
                <line number="34" hits="0" branch="False" />
                <line number="36" hits="0" branch="True" condition-coverage="0% (0/2)">
                  <conditions>
                    <condition number="219" type="jump" coverage="0%" />
                  </conditions>
                </line>
                <line number="38" hits="0" branch="True" condition-coverage="0% (0/2)">
                  <conditions>
                    <condition number="143" type="jump" coverage="0%" />
                  </conditions>
                </line>
                <line number="39" hits="0" branch="False" />
                <line number="40" hits="0" branch="False" />
                <line number="41" hits="0" branch="False" />
                <line number="42" hits="0" branch="False" />
                <line number="43" hits="0" branch="False" />
                <line number="44" hits="0" branch="False" />
                <line number="45" hits="0" branch="False" />
                <line number="46" hits="0" branch="False" />
                <line number="48" hits="0" branch="False" />
              </lines>
            </method>
            <method name=".ctor" signature="(Microsoft.AspNetCore.Mvc.ApiExplorer.IApiVersionDescriptionProvider)" line-rate="0" branch-rate="1" complexity="1">
              <lines>
                <line number="17" hits="0" branch="False" />
                <line number="18" hits="0" branch="False" />
              </lines>
            </method>
          </methods>
          <lines>
            <line number="22" hits="0" branch="False" />
            <line number="23" hits="0" branch="False" />
            <line number="26" hits="0" branch="False" />
            <line number="28" hits="0" branch="False" />
            <line number="29" hits="0" branch="False" />
            <line number="30" hits="0" branch="False" />
            <line number="31" hits="0" branch="False" />
            <line number="34" hits="0" branch="False" />
            <line number="36" hits="0" branch="True" condition-coverage="0% (0/2)">
              <conditions>
                <condition number="219" type="jump" coverage="0%" />
              </conditions>
            </line>
            <line number="38" hits="0" branch="True" condition-coverage="0% (0/2)">
              <conditions>
                <condition number="143" type="jump" coverage="0%" />
              </conditions>
            </line>
            <line number="39" hits="0" branch="False" />
            <line number="40" hits="0" branch="False" />
            <line number="41" hits="0" branch="False" />
            <line number="42" hits="0" branch="False" />
            <line number="43" hits="0" branch="False" />
            <line number="44" hits="0" branch="False" />
            <line number="45" hits="0" branch="False" />
            <line number="46" hits="0" branch="False" />
            <line number="48" hits="0" branch="False" />
            <line number="17" hits="0" branch="False" />
            <line number="18" hits="0" branch="False" />
          </lines>
        </class>
        <class name="Scenes.Service.CustomServiceCollectionExtensions" filename="CustomServiceCollectionExtensions.cs" line-rate="1" branch-rate="0.5" complexity="11">
          <methods>
            <method name="AddCustomCaching" signature="(Microsoft.Extensions.DependencyInjection.IServiceCollection)" line-rate="1" branch-rate="1" complexity="1">
              <lines>
                <line number="38" hits="29" branch="False" />
                <line number="39" hits="29" branch="False" />
                <line number="40" hits="29" branch="False" />
                <line number="41" hits="29" branch="False" />
                <line number="42" hits="29" branch="False" />
                <line number="43" hits="29" branch="False" />
              </lines>
            </method>
            <method name="AddCustomCors" signature="(Microsoft.Extensions.DependencyInjection.IServiceCollection)" line-rate="1" branch-rate="1" complexity="1">
              <lines>
                <line number="52" hits="29" branch="False" />
                <line number="53" hits="29" branch="False" />
                <line number="54" hits="29" branch="False" />
                <line number="55" hits="29" branch="False" />
                <line number="56" hits="58" branch="False" />
                <line number="57" hits="58" branch="False" />
                <line number="58" hits="87" branch="False" />
                <line number="59" hits="87" branch="False" />
                <line number="60" hits="87" branch="False" />
                <line number="61" hits="87" branch="False" />
              </lines>
            </method>
            <method name="AddCustomOptions" signature="(Microsoft.Extensions.DependencyInjection.IServiceCollection,Microsoft.Extensions.Configuration.IConfiguration)" line-rate="1" branch-rate="1" complexity="1">
              <lines>
                <line number="73" hits="29" branch="False" />
                <line number="74" hits="29" branch="False" />
                <line number="75" hits="29" branch="False" />
                <line number="76" hits="29" branch="False" />
                <line number="77" hits="29" branch="False" />
                <line number="78" hits="29" branch="False" />
                <line number="79" hits="29" branch="False" />
                <line number="80" hits="29" branch="False" />
                <line number="81" hits="29" branch="False" />
                <line number="82" hits="29" branch="False" />
                <line number="83" hits="29" branch="False" />
                <line number="84" hits="29" branch="False" />
                <line number="85" hits="29" branch="False" />
              </lines>
            </method>
            <method name="AddCustomResponseCompression" signature="(Microsoft.Extensions.DependencyInjection.IServiceCollection,Microsoft.Extensions.Configuration.IConfiguration)" line-rate="1" branch-rate="0.5" complexity="4">
              <lines>
                <line number="97" hits="29" branch="False" />
                <line number="98" hits="29" branch="False" />
                <line number="99" hits="29" branch="False" />
                <line number="100" hits="29" branch="False" />
                <line number="101" hits="29" branch="False" />
                <line number="102" hits="29" branch="False" />
                <line number="103" hits="29" branch="False" />
                <line number="104" hits="29" branch="True" condition-coverage="50% (2/4)">
                  <conditions>
                    <condition number="22" type="jump" coverage="50%" />
                    <condition number="36" type="jump" coverage="50%" />
                  </conditions>
                </line>
                <line number="105" hits="29" branch="False" />
                <line number="106" hits="29" branch="False" />
                <line number="107" hits="29" branch="False" />
                <line number="108" hits="29" branch="False" />
                <line number="109" hits="29" branch="False" />
                <line number="110" hits="29" branch="False" />
                <line number="111" hits="29" branch="False" />
                <line number="112" hits="58" branch="False" />
              </lines>
            </method>
            <method name="AddCustomRouting" signature="(Microsoft.Extensions.DependencyInjection.IServiceCollection)" line-rate="1" branch-rate="1" complexity="1">
              <lines>
                <line number="120" hits="58" branch="False" />
              </lines>
            </method>
            <method name="AddCustomHealthChecks" signature="(Microsoft.Extensions.DependencyInjection.IServiceCollection)" line-rate="1" branch-rate="1" complexity="1">
              <lines>
                <line number="123" hits="29" branch="False" />
                <line number="124" hits="29" branch="False" />
                <line number="125" hits="29" branch="False" />
                <line number="126" hits="29" branch="False" />
              </lines>
            </method>
            <method name="AddCustomApiVersioning" signature="(Microsoft.Extensions.DependencyInjection.IServiceCollection)" line-rate="1" branch-rate="1" complexity="1">
              <lines>
                <line number="129" hits="29" branch="False" />
                <line number="130" hits="29" branch="False" />
                <line number="131" hits="29" branch="False" />
                <line number="132" hits="29" branch="False" />
                <line number="133" hits="29" branch="False" />
                <line number="134" hits="29" branch="False" />
                <line number="135" hits="29" branch="False" />
                <line number="136" hits="58" branch="False" />
              </lines>
            </method>
            <method name="AddCustomSwagger" signature="(Microsoft.Extensions.DependencyInjection.IServiceCollection)" line-rate="1" branch-rate="1" complexity="1">
              <lines>
                <line number="144" hits="29" branch="False" />
                <line number="145" hits="29" branch="False" />
                <line number="146" hits="29" branch="False" />
              </lines>
            </method>
          </methods>
          <lines>
            <line number="38" hits="29" branch="False" />
            <line number="39" hits="29" branch="False" />
            <line number="40" hits="29" branch="False" />
            <line number="41" hits="29" branch="False" />
            <line number="42" hits="29" branch="False" />
            <line number="43" hits="29" branch="False" />
            <line number="52" hits="29" branch="False" />
            <line number="53" hits="29" branch="False" />
            <line number="54" hits="29" branch="False" />
            <line number="55" hits="29" branch="False" />
            <line number="56" hits="58" branch="False" />
            <line number="57" hits="58" branch="False" />
            <line number="58" hits="87" branch="False" />
            <line number="59" hits="87" branch="False" />
            <line number="60" hits="87" branch="False" />
            <line number="61" hits="87" branch="False" />
            <line number="73" hits="29" branch="False" />
            <line number="74" hits="29" branch="False" />
            <line number="75" hits="29" branch="False" />
            <line number="76" hits="29" branch="False" />
            <line number="77" hits="29" branch="False" />
            <line number="78" hits="29" branch="False" />
            <line number="79" hits="29" branch="False" />
            <line number="80" hits="29" branch="False" />
            <line number="81" hits="29" branch="False" />
            <line number="82" hits="29" branch="False" />
            <line number="83" hits="29" branch="False" />
            <line number="84" hits="29" branch="False" />
            <line number="85" hits="29" branch="False" />
            <line number="97" hits="29" branch="False" />
            <line number="98" hits="29" branch="False" />
            <line number="99" hits="29" branch="False" />
            <line number="100" hits="29" branch="False" />
            <line number="101" hits="29" branch="False" />
            <line number="102" hits="29" branch="False" />
            <line number="103" hits="29" branch="False" />
            <line number="104" hits="29" branch="True" condition-coverage="50% (2/4)">
              <conditions>
                <condition number="22" type="jump" coverage="50%" />
                <condition number="36" type="jump" coverage="50%" />
              </conditions>
            </line>
            <line number="105" hits="29" branch="False" />
            <line number="106" hits="29" branch="False" />
            <line number="107" hits="29" branch="False" />
            <line number="108" hits="29" branch="False" />
            <line number="109" hits="29" branch="False" />
            <line number="110" hits="29" branch="False" />
            <line number="111" hits="29" branch="False" />
            <line number="112" hits="58" branch="False" />
            <line number="120" hits="58" branch="False" />
            <line number="123" hits="29" branch="False" />
            <line number="124" hits="29" branch="False" />
            <line number="125" hits="29" branch="False" />
            <line number="126" hits="29" branch="False" />
            <line number="129" hits="29" branch="False" />
            <line number="130" hits="29" branch="False" />
            <line number="131" hits="29" branch="False" />
            <line number="132" hits="29" branch="False" />
            <line number="133" hits="29" branch="False" />
            <line number="134" hits="29" branch="False" />
            <line number="135" hits="29" branch="False" />
            <line number="136" hits="58" branch="False" />
            <line number="144" hits="29" branch="False" />
            <line number="145" hits="29" branch="False" />
            <line number="146" hits="29" branch="False" />
          </lines>
        </class>
        <class name="Scenes.Service.MvcBuilderExtensions" filename="MvcBuilderExtensions.cs" line-rate="0.9861" branch-rate="0.8332999999999999" complexity="7">
          <methods>
            <method name="AddCustomJsonOptions" signature="(Microsoft.Extensions.DependencyInjection.IMvcBuilder,Microsoft.AspNetCore.Hosting.IWebHostEnvironment)" line-rate="0.9285" branch-rate="0.5" complexity="2">
              <lines>
                <line number="22" hits="29" branch="False" />
                <line number="23" hits="29" branch="False" />
                <line number="24" hits="29" branch="False" />
                <line number="25" hits="29" branch="False" />
                <line number="26" hits="29" branch="True" condition-coverage="50% (1/2)">
                  <conditions>
                    <condition number="18" type="jump" coverage="50%" />
                  </conditions>
                </line>
                <line number="27" hits="29" branch="False" />
                <line number="28" hits="29" branch="False" />
                <line number="29" hits="0" branch="False" />
                <line number="30" hits="29" branch="False" />
                <line number="31" hits="29" branch="False" />
                <line number="32" hits="29" branch="False" />
                <line number="33" hits="29" branch="False" />
                <line number="34" hits="29" branch="False" />
                <line number="35" hits="58" branch="False" />
              </lines>
            </method>
            <method name="AddCustomMvcOptions" signature="(Microsoft.Extensions.DependencyInjection.IMvcBuilder,Microsoft.Extensions.Configuration.IConfiguration)" line-rate="1" branch-rate="1" complexity="4">
              <lines>
                <line number="38" hits="29" branch="False" />
                <line number="39" hits="29" branch="False" />
                <line number="40" hits="29" branch="False" />
                <line number="41" hits="29" branch="False" />
                <line number="42" hits="29" branch="False" />
                <line number="43" hits="29" branch="False" />
                <line number="44" hits="29" branch="False" />
                <line number="45" hits="29" branch="True" condition-coverage="100% (2/2)">
                  <conditions>
                    <condition number="23" type="jump" coverage="100%" />
                  </conditions>
                </line>
                <line number="46" hits="29" branch="False" />
                <line number="47" hits="116" branch="True" condition-coverage="100% (2/2)">
                  <conditions>
                    <condition number="63" type="jump" coverage="100%" />
                  </conditions>
                </line>
                <line number="48" hits="29" branch="False" />
                <line number="49" hits="29" branch="False" />
                <line number="50" hits="29" branch="False" />
                <line number="51" hits="29" branch="False" />
                <line number="52" hits="29" branch="False" />
                <line number="53" hits="29" branch="False" />
                <line number="54" hits="29" branch="False" />
                <line number="55" hits="29" branch="False" />
                <line number="56" hits="29" branch="False" />
                <line number="57" hits="29" branch="False" />
                <line number="58" hits="29" branch="False" />
                <line number="59" hits="29" branch="False" />
                <line number="60" hits="29" branch="False" />
                <line number="61" hits="29" branch="False" />
                <line number="62" hits="29" branch="False" />
                <line number="63" hits="29" branch="False" />
                <line number="64" hits="29" branch="False" />
                <line number="65" hits="29" branch="False" />
                <line number="66" hits="29" branch="False" />
                <line number="67" hits="29" branch="False" />
                <line number="68" hits="29" branch="False" />
                <line number="69" hits="29" branch="False" />
                <line number="70" hits="29" branch="False" />
                <line number="71" hits="29" branch="False" />
                <line number="72" hits="29" branch="False" />
                <line number="73" hits="29" branch="False" />
                <line number="74" hits="29" branch="False" />
                <line number="75" hits="29" branch="False" />
                <line number="76" hits="29" branch="False" />
                <line number="77" hits="29" branch="False" />
                <line number="78" hits="29" branch="False" />
                <line number="79" hits="29" branch="False" />
                <line number="80" hits="29" branch="False" />
                <line number="81" hits="29" branch="False" />
                <line number="82" hits="29" branch="False" />
                <line number="83" hits="29" branch="False" />
                <line number="84" hits="29" branch="False" />
                <line number="85" hits="58" branch="False" />
              </lines>
            </method>
            <method name="GetJsonPatchInputFormatter" signature="()" line-rate="1" branch-rate="1" complexity="1">
              <lines>
                <line number="95" hits="29" branch="False" />
                <line number="96" hits="29" branch="False" />
                <line number="97" hits="29" branch="False" />
                <line number="98" hits="29" branch="False" />
                <line number="99" hits="29" branch="False" />
                <line number="100" hits="29" branch="False" />
                <line number="101" hits="29" branch="False" />
                <line number="102" hits="29" branch="False" />
                <line number="103" hits="29" branch="False" />
                <line number="104" hits="29" branch="False" />
              </lines>
            </method>
          </methods>
          <lines>
            <line number="22" hits="29" branch="False" />
            <line number="23" hits="29" branch="False" />
            <line number="24" hits="29" branch="False" />
            <line number="25" hits="29" branch="False" />
            <line number="26" hits="29" branch="True" condition-coverage="50% (1/2)">
              <conditions>
                <condition number="18" type="jump" coverage="50%" />
              </conditions>
            </line>
            <line number="27" hits="29" branch="False" />
            <line number="28" hits="29" branch="False" />
            <line number="29" hits="0" branch="False" />
            <line number="30" hits="29" branch="False" />
            <line number="31" hits="29" branch="False" />
            <line number="32" hits="29" branch="False" />
            <line number="33" hits="29" branch="False" />
            <line number="34" hits="29" branch="False" />
            <line number="35" hits="58" branch="False" />
            <line number="38" hits="29" branch="False" />
            <line number="39" hits="29" branch="False" />
            <line number="40" hits="29" branch="False" />
            <line number="41" hits="29" branch="False" />
            <line number="42" hits="29" branch="False" />
            <line number="43" hits="29" branch="False" />
            <line number="44" hits="29" branch="False" />
            <line number="45" hits="29" branch="True" condition-coverage="100% (2/2)">
              <conditions>
                <condition number="23" type="jump" coverage="100%" />
              </conditions>
            </line>
            <line number="46" hits="29" branch="False" />
            <line number="47" hits="116" branch="True" condition-coverage="100% (2/2)">
              <conditions>
                <condition number="63" type="jump" coverage="100%" />
              </conditions>
            </line>
            <line number="48" hits="29" branch="False" />
            <line number="49" hits="29" branch="False" />
            <line number="50" hits="29" branch="False" />
            <line number="51" hits="29" branch="False" />
            <line number="52" hits="29" branch="False" />
            <line number="53" hits="29" branch="False" />
            <line number="54" hits="29" branch="False" />
            <line number="55" hits="29" branch="False" />
            <line number="56" hits="29" branch="False" />
            <line number="57" hits="29" branch="False" />
            <line number="58" hits="29" branch="False" />
            <line number="59" hits="29" branch="False" />
            <line number="60" hits="29" branch="False" />
            <line number="61" hits="29" branch="False" />
            <line number="62" hits="29" branch="False" />
            <line number="63" hits="29" branch="False" />
            <line number="64" hits="29" branch="False" />
            <line number="65" hits="29" branch="False" />
            <line number="66" hits="29" branch="False" />
            <line number="67" hits="29" branch="False" />
            <line number="68" hits="29" branch="False" />
            <line number="69" hits="29" branch="False" />
            <line number="70" hits="29" branch="False" />
            <line number="71" hits="29" branch="False" />
            <line number="72" hits="29" branch="False" />
            <line number="73" hits="29" branch="False" />
            <line number="74" hits="29" branch="False" />
            <line number="75" hits="29" branch="False" />
            <line number="76" hits="29" branch="False" />
            <line number="77" hits="29" branch="False" />
            <line number="78" hits="29" branch="False" />
            <line number="79" hits="29" branch="False" />
            <line number="80" hits="29" branch="False" />
            <line number="81" hits="29" branch="False" />
            <line number="82" hits="29" branch="False" />
            <line number="83" hits="29" branch="False" />
            <line number="84" hits="29" branch="False" />
            <line number="85" hits="58" branch="False" />
            <line number="95" hits="29" branch="False" />
            <line number="96" hits="29" branch="False" />
            <line number="97" hits="29" branch="False" />
            <line number="98" hits="29" branch="False" />
            <line number="99" hits="29" branch="False" />
            <line number="100" hits="29" branch="False" />
            <line number="101" hits="29" branch="False" />
            <line number="102" hits="29" branch="False" />
            <line number="103" hits="29" branch="False" />
            <line number="104" hits="29" branch="False" />
          </lines>
        </class>
        <class name="Scenes.Service.Program" filename="Program.cs" line-rate="0.8823000000000001" branch-rate="0.75" complexity="7">
          <methods>
            <method name="CreateHostBuilder" signature="(System.String[])" line-rate="1" branch-rate="1" complexity="2">
              <lines>
                <line number="67" hits="29" branch="False" />
                <line number="68" hits="29" branch="False" />
                <line number="69" hits="29" branch="False" />
                <line number="70" hits="29" branch="True" condition-coverage="100% (2/2)">
                  <conditions>
                    <condition number="27" type="jump" coverage="100%" />
                  </conditions>
                </line>
                <line number="71" hits="29" branch="False" />
                <line number="72" hits="29" branch="False" />
                <line number="73" hits="29" branch="False" />
                <line number="74" hits="58" branch="False" />
                <line number="75" hits="29" branch="False" />
                <line number="76" hits="29" branch="False" />
                <line number="77" hits="29" branch="False" />
                <line number="78" hits="29" branch="False" />
                <line number="79" hits="29" branch="False" />
                <line number="80" hits="29" branch="False" />
                <line number="81" hits="29" branch="False" />
                <line number="82" hits="29" branch="False" />
                <line number="83" hits="29" branch="False" />
                <line number="84" hits="29" branch="False" />
                <line number="85" hits="29" branch="False" />
                <line number="86" hits="29" branch="False" />
              </lines>
            </method>
            <method name="ConfigureWebHostBuilder" signature="(Microsoft.AspNetCore.Hosting.IWebHostBuilder)" line-rate="0.7" branch-rate="1" complexity="1">
              <lines>
                <line number="89" hits="29" branch="False" />
                <line number="90" hits="29" branch="False" />
                <line number="91" hits="29" branch="False" />
                <line number="92" hits="29" branch="False" />
                <line number="93" hits="0" branch="False" />
                <line number="94" hits="0" branch="False" />
                <line number="95" hits="0" branch="False" />
                <line number="96" hits="29" branch="False" />
                <line number="97" hits="29" branch="False" />
                <line number="98" hits="29" branch="False" />
              </lines>
            </method>
            <method name="AddConfiguration" signature="(Microsoft.Extensions.Configuration.IConfigurationBuilder,Microsoft.Extensions.Hosting.IHostEnvironment,System.String[])" line-rate="0.9615" branch-rate="0.5" complexity="2">
              <lines>
                <line number="104" hits="29" branch="True" condition-coverage="50% (1/2)">
                  <conditions>
                    <condition number="82" type="jump" coverage="50%" />
                  </conditions>
                </line>
                <line number="105" hits="29" branch="False" />
                <line number="106" hits="29" branch="False" />
                <line number="107" hits="29" branch="False" />
                <line number="108" hits="29" branch="False" />
                <line number="109" hits="29" branch="False" />
                <line number="110" hits="29" branch="False" />
                <line number="111" hits="29" branch="False" />
                <line number="112" hits="29" branch="False" />
                <line number="113" hits="29" branch="False" />
                <line number="114" hits="29" branch="False" />
                <line number="115" hits="29" branch="False" />
                <line number="116" hits="29" branch="False" />
                <line number="117" hits="29" branch="False" />
                <line number="118" hits="29" branch="False" />
                <line number="119" hits="29" branch="False" />
                <line number="120" hits="0" branch="False" />
                <line number="121" hits="29" branch="False" />
                <line number="122" hits="29" branch="False" />
                <line number="123" hits="29" branch="False" />
                <line number="124" hits="29" branch="False" />
                <line number="125" hits="29" branch="False" />
                <line number="126" hits="29" branch="False" />
                <line number="127" hits="29" branch="False" />
                <line number="128" hits="29" branch="False" />
                <line number="129" hits="58" branch="False" />
              </lines>
            </method>
            <method name="CreateBootstrapLogger" signature="()" line-rate="0" branch-rate="1" complexity="1">
              <lines>
                <line number="137" hits="0" branch="False" />
                <line number="138" hits="0" branch="False" />
                <line number="139" hits="0" branch="False" />
                <line number="140" hits="0" branch="False" />
              </lines>
            </method>
            <method name="ConfigureReloadableLogger" signature="(Microsoft.Extensions.Hosting.HostBuilderContext,System.IServiceProvider,Serilog.LoggerConfiguration)" line-rate="1" branch-rate="1" complexity="1">
              <lines>
                <line number="150" hits="29" branch="False" />
                <line number="151" hits="29" branch="False" />
                <line number="152" hits="29" branch="False" />
                <line number="153" hits="29" branch="False" />
                <line number="154" hits="29" branch="False" />
                <line number="155" hits="29" branch="False" />
                <line number="156" hits="26" branch="False" />
                <line number="157" hits="58" branch="False" />
              </lines>
            </method>
          </methods>
          <lines>
            <line number="67" hits="29" branch="False" />
            <line number="68" hits="29" branch="False" />
            <line number="69" hits="29" branch="False" />
            <line number="70" hits="29" branch="True" condition-coverage="100% (2/2)">
              <conditions>
                <condition number="27" type="jump" coverage="100%" />
              </conditions>
            </line>
            <line number="71" hits="29" branch="False" />
            <line number="72" hits="29" branch="False" />
            <line number="73" hits="29" branch="False" />
            <line number="74" hits="58" branch="False" />
            <line number="75" hits="29" branch="False" />
            <line number="76" hits="29" branch="False" />
            <line number="77" hits="29" branch="False" />
            <line number="78" hits="29" branch="False" />
            <line number="79" hits="29" branch="False" />
            <line number="80" hits="29" branch="False" />
            <line number="81" hits="29" branch="False" />
            <line number="82" hits="29" branch="False" />
            <line number="83" hits="29" branch="False" />
            <line number="84" hits="29" branch="False" />
            <line number="85" hits="29" branch="False" />
            <line number="86" hits="29" branch="False" />
            <line number="89" hits="29" branch="False" />
            <line number="90" hits="29" branch="False" />
            <line number="91" hits="29" branch="False" />
            <line number="92" hits="29" branch="False" />
            <line number="93" hits="0" branch="False" />
            <line number="94" hits="0" branch="False" />
            <line number="95" hits="0" branch="False" />
            <line number="96" hits="29" branch="False" />
            <line number="97" hits="29" branch="False" />
            <line number="98" hits="29" branch="False" />
            <line number="104" hits="29" branch="True" condition-coverage="50% (1/2)">
              <conditions>
                <condition number="82" type="jump" coverage="50%" />
              </conditions>
            </line>
            <line number="105" hits="29" branch="False" />
            <line number="106" hits="29" branch="False" />
            <line number="107" hits="29" branch="False" />
            <line number="108" hits="29" branch="False" />
            <line number="109" hits="29" branch="False" />
            <line number="110" hits="29" branch="False" />
            <line number="111" hits="29" branch="False" />
            <line number="112" hits="29" branch="False" />
            <line number="113" hits="29" branch="False" />
            <line number="114" hits="29" branch="False" />
            <line number="115" hits="29" branch="False" />
            <line number="116" hits="29" branch="False" />
            <line number="117" hits="29" branch="False" />
            <line number="118" hits="29" branch="False" />
            <line number="119" hits="29" branch="False" />
            <line number="120" hits="0" branch="False" />
            <line number="121" hits="29" branch="False" />
            <line number="122" hits="29" branch="False" />
            <line number="123" hits="29" branch="False" />
            <line number="124" hits="29" branch="False" />
            <line number="125" hits="29" branch="False" />
            <line number="126" hits="29" branch="False" />
            <line number="127" hits="29" branch="False" />
            <line number="128" hits="29" branch="False" />
            <line number="129" hits="58" branch="False" />
            <line number="137" hits="0" branch="False" />
            <line number="138" hits="0" branch="False" />
            <line number="139" hits="0" branch="False" />
            <line number="140" hits="0" branch="False" />
            <line number="150" hits="29" branch="False" />
            <line number="151" hits="29" branch="False" />
            <line number="152" hits="29" branch="False" />
            <line number="153" hits="29" branch="False" />
            <line number="154" hits="29" branch="False" />
            <line number="155" hits="29" branch="False" />
            <line number="156" hits="26" branch="False" />
            <line number="157" hits="58" branch="False" />
          </lines>
        </class>
        <class name="Scenes.Service.Program/&lt;Main&gt;d__0" filename="Program.cs" line-rate="0" branch-rate="0" complexity="2">
          <methods>
            <method name="MoveNext" signature="()" line-rate="0" branch-rate="0" complexity="2">
              <lines>
                <line number="20" hits="0" branch="False" />
                <line number="21" hits="0" branch="False" />
                <line number="25" hits="0" branch="False" />
                <line number="26" hits="0" branch="False" />
                <line number="27" hits="0" branch="False" />
                <line number="28" hits="0" branch="False" />
                <line number="30" hits="0" branch="False" />
                <line number="31" hits="0" branch="False" />
                <line number="32" hits="0" branch="False" />
                <line number="33" hits="0" branch="False" />
                <line number="34" hits="0" branch="False" />
                <line number="35" hits="0" branch="False" />
                <line number="36" hits="0" branch="False" />
                <line number="37" hits="0" branch="False" />
                <line number="38" hits="0" branch="False" />
                <line number="39" hits="0" branch="False" />
                <line number="42" hits="0" branch="False" />
                <line number="45" hits="0" branch="True" condition-coverage="0% (0/2)">
                  <conditions>
                    <condition number="286" type="jump" coverage="0%" />
                  </conditions>
                </line>
                <line number="47" hits="0" branch="False" />
                <line number="51" hits="0" branch="False" />
                <line number="52" hits="0" branch="False" />
                <line number="53" hits="0" branch="False" />
                <line number="54" hits="0" branch="False" />
                <line number="55" hits="0" branch="False" />
                <line number="58" hits="0" branch="False" />
                <line number="62" hits="0" branch="False" />
                <line number="64" hits="0" branch="False" />
              </lines>
            </method>
          </methods>
          <lines>
            <line number="20" hits="0" branch="False" />
            <line number="21" hits="0" branch="False" />
            <line number="25" hits="0" branch="False" />
            <line number="26" hits="0" branch="False" />
            <line number="27" hits="0" branch="False" />
            <line number="28" hits="0" branch="False" />
            <line number="30" hits="0" branch="False" />
            <line number="31" hits="0" branch="False" />
            <line number="32" hits="0" branch="False" />
            <line number="33" hits="0" branch="False" />
            <line number="34" hits="0" branch="False" />
            <line number="35" hits="0" branch="False" />
            <line number="36" hits="0" branch="False" />
            <line number="37" hits="0" branch="False" />
            <line number="38" hits="0" branch="False" />
            <line number="39" hits="0" branch="False" />
            <line number="42" hits="0" branch="False" />
            <line number="45" hits="0" branch="True" condition-coverage="0% (0/2)">
              <conditions>
                <condition number="286" type="jump" coverage="0%" />
              </conditions>
            </line>
            <line number="47" hits="0" branch="False" />
            <line number="51" hits="0" branch="False" />
            <line number="52" hits="0" branch="False" />
            <line number="53" hits="0" branch="False" />
            <line number="54" hits="0" branch="False" />
            <line number="55" hits="0" branch="False" />
            <line number="58" hits="0" branch="False" />
            <line number="62" hits="0" branch="False" />
            <line number="64" hits="0" branch="False" />
          </lines>
        </class>
        <class name="Scenes.Service.ProjectServiceCollectionExtensions" filename="ProjectServiceCollectionExtensions.cs" line-rate="1" branch-rate="1" complexity="4">
          <methods>
            <method name="AddProjectCommands" signature="(Microsoft.Extensions.DependencyInjection.IServiceCollection)" line-rate="1" branch-rate="1" complexity="1">
              <lines>
                <line number="22" hits="29" branch="False" />
                <line number="23" hits="29" branch="False" />
                <line number="24" hits="29" branch="False" />
                <line number="25" hits="29" branch="False" />
                <line number="26" hits="29" branch="False" />
                <line number="27" hits="29" branch="False" />
                <line number="28" hits="29" branch="False" />
              </lines>
            </method>
            <method name="AddProjectMappers" signature="(Microsoft.Extensions.DependencyInjection.IServiceCollection)" line-rate="1" branch-rate="1" complexity="1">
              <lines>
                <line number="31" hits="29" branch="False" />
                <line number="32" hits="29" branch="False" />
                <line number="33" hits="29" branch="False" />
                <line number="34" hits="29" branch="False" />
              </lines>
            </method>
            <method name="AddProjectRepositories" signature="(Microsoft.Extensions.DependencyInjection.IServiceCollection)" line-rate="1" branch-rate="1" complexity="1">
              <lines>
                <line number="37" hits="29" branch="False" />
                <line number="38" hits="29" branch="False" />
              </lines>
            </method>
            <method name="AddProjectServices" signature="(Microsoft.Extensions.DependencyInjection.IServiceCollection)" line-rate="1" branch-rate="1" complexity="1">
              <lines>
                <line number="41" hits="29" branch="False" />
                <line number="42" hits="29" branch="False" />
              </lines>
            </method>
          </methods>
          <lines>
            <line number="22" hits="29" branch="False" />
            <line number="23" hits="29" branch="False" />
            <line number="24" hits="29" branch="False" />
            <line number="25" hits="29" branch="False" />
            <line number="26" hits="29" branch="False" />
            <line number="27" hits="29" branch="False" />
            <line number="28" hits="29" branch="False" />
            <line number="31" hits="29" branch="False" />
            <line number="32" hits="29" branch="False" />
            <line number="33" hits="29" branch="False" />
            <line number="34" hits="29" branch="False" />
            <line number="37" hits="29" branch="False" />
            <line number="38" hits="29" branch="False" />
            <line number="41" hits="29" branch="False" />
            <line number="42" hits="29" branch="False" />
          </lines>
        </class>
        <class name="Scenes.Service.Startup" filename="Startup.cs" line-rate="0.9433" branch-rate="1" complexity="3">
          <methods>
            <method name="ConfigureServices" signature="(Microsoft.Extensions.DependencyInjection.IServiceCollection)" line-rate="1" branch-rate="1" complexity="1">
              <lines>
                <line number="41" hits="29" branch="False" />
                <line number="42" hits="29" branch="False" />
                <line number="43" hits="29" branch="False" />
                <line number="44" hits="29" branch="False" />
                <line number="45" hits="29" branch="False" />
                <line number="46" hits="29" branch="False" />
                <line number="47" hits="29" branch="False" />
                <line number="48" hits="29" branch="False" />
                <line number="49" hits="29" branch="False" />
                <line number="50" hits="29" branch="False" />
                <line number="51" hits="29" branch="False" />
                <line number="52" hits="29" branch="False" />
                <line number="53" hits="29" branch="False" />
                <line number="54" hits="29" branch="False" />
                <line number="55" hits="29" branch="False" />
                <line number="56" hits="29" branch="False" />
                <line number="57" hits="29" branch="False" />
                <line number="58" hits="29" branch="False" />
                <line number="59" hits="29" branch="False" />
                <line number="60" hits="29" branch="False" />
                <line number="61" hits="29" branch="False" />
                <line number="62" hits="29" branch="False" />
              </lines>
            </method>
            <method name="Configure" signature="(Microsoft.AspNetCore.Builder.IApplicationBuilder)" line-rate="0.8887999999999999" branch-rate="1" complexity="1">
              <lines>
                <line number="70" hits="29" branch="False" />
                <line number="71" hits="29" branch="False" />
                <line number="72" hits="29" branch="False" />
                <line number="73" hits="0" branch="False" />
                <line number="74" hits="29" branch="False" />
                <line number="75" hits="29" branch="False" />
                <line number="76" hits="29" branch="False" />
                <line number="77" hits="29" branch="False" />
                <line number="78" hits="29" branch="False" />
                <line number="79" hits="0" branch="False" />
                <line number="80" hits="29" branch="False" />
                <line number="81" hits="29" branch="False" />
                <line number="82" hits="29" branch="False" />
                <line number="83" hits="29" branch="False" />
                <line number="84" hits="29" branch="False" />
                <line number="85" hits="29" branch="False" />
                <line number="86" hits="29" branch="False" />
                <line number="87" hits="29" branch="False" />
                <line number="88" hits="29" branch="False" />
                <line number="89" hits="29" branch="False" />
                <line number="90" hits="29" branch="False" />
                <line number="91" hits="29" branch="False" />
                <line number="92" hits="0" branch="False" />
                <line number="93" hits="29" branch="False" />
                <line number="94" hits="29" branch="False" />
                <line number="95" hits="29" branch="False" />
                <line number="96" hits="29" branch="False" />
              </lines>
            </method>
            <method name=".ctor" signature="(Microsoft.Extensions.Configuration.IConfiguration,Microsoft.AspNetCore.Hosting.IWebHostEnvironment)" line-rate="1" branch-rate="1" complexity="1">
              <lines>
                <line number="28" hits="29" branch="False" />
                <line number="30" hits="29" branch="False" />
                <line number="31" hits="29" branch="False" />
                <line number="32" hits="29" branch="False" />
              </lines>
            </method>
          </methods>
          <lines>
            <line number="41" hits="29" branch="False" />
            <line number="42" hits="29" branch="False" />
            <line number="43" hits="29" branch="False" />
            <line number="44" hits="29" branch="False" />
            <line number="45" hits="29" branch="False" />
            <line number="46" hits="29" branch="False" />
            <line number="47" hits="29" branch="False" />
            <line number="48" hits="29" branch="False" />
            <line number="49" hits="29" branch="False" />
            <line number="50" hits="29" branch="False" />
            <line number="51" hits="29" branch="False" />
            <line number="52" hits="29" branch="False" />
            <line number="53" hits="29" branch="False" />
            <line number="54" hits="29" branch="False" />
            <line number="55" hits="29" branch="False" />
            <line number="56" hits="29" branch="False" />
            <line number="57" hits="29" branch="False" />
            <line number="58" hits="29" branch="False" />
            <line number="59" hits="29" branch="False" />
            <line number="60" hits="29" branch="False" />
            <line number="61" hits="29" branch="False" />
            <line number="62" hits="29" branch="False" />
            <line number="70" hits="29" branch="False" />
            <line number="71" hits="29" branch="False" />
            <line number="72" hits="29" branch="False" />
            <line number="73" hits="0" branch="False" />
            <line number="74" hits="29" branch="False" />
            <line number="75" hits="29" branch="False" />
            <line number="76" hits="29" branch="False" />
            <line number="77" hits="29" branch="False" />
            <line number="78" hits="29" branch="False" />
            <line number="79" hits="0" branch="False" />
            <line number="80" hits="29" branch="False" />
            <line number="81" hits="29" branch="False" />
            <line number="82" hits="29" branch="False" />
            <line number="83" hits="29" branch="False" />
            <line number="84" hits="29" branch="False" />
            <line number="85" hits="29" branch="False" />
            <line number="86" hits="29" branch="False" />
            <line number="87" hits="29" branch="False" />
            <line number="88" hits="29" branch="False" />
            <line number="89" hits="29" branch="False" />
            <line number="90" hits="29" branch="False" />
            <line number="91" hits="29" branch="False" />
            <line number="92" hits="0" branch="False" />
            <line number="93" hits="29" branch="False" />
            <line number="94" hits="29" branch="False" />
            <line number="95" hits="29" branch="False" />
            <line number="96" hits="29" branch="False" />
            <line number="28" hits="29" branch="False" />
            <line number="30" hits="29" branch="False" />
            <line number="31" hits="29" branch="False" />
            <line number="32" hits="29" branch="False" />
          </lines>
        </class>
        <class name="Scenes.Service.ViewModels.Connection`1" filename="ViewModels/Connection.cs" line-rate="1" branch-rate="1" complexity="4">
          <methods>
            <method name="get_TotalCount" signature="()" line-rate="1" branch-rate="1" complexity="1">
              <lines>
                <line number="17" hits="32" branch="False" />
              </lines>
            </method>
            <method name="get_PageInfo" signature="()" line-rate="1" branch-rate="1" complexity="1">
              <lines>
                <line number="22" hits="89" branch="False" />
              </lines>
            </method>
            <method name="get_Items" signature="()" line-rate="1" branch-rate="1" complexity="1">
              <lines>
                <line number="27" hits="32" branch="False" />
              </lines>
            </method>
            <method name=".ctor" signature="()" line-rate="1" branch-rate="1" complexity="1">
              <lines>
                <line number="11" hits="32" branch="False" />
              </lines>
            </method>
          </methods>
          <lines>
            <line number="17" hits="32" branch="False" />
            <line number="22" hits="89" branch="False" />
            <line number="27" hits="32" branch="False" />
            <line number="11" hits="32" branch="False" />
          </lines>
        </class>
        <class name="Scenes.Service.ViewModels.PageInfo" filename="ViewModels/PageInfo.cs" line-rate="1" branch-rate="1" complexity="20">
          <methods>
            <method name="get_Count" signature="()" line-rate="1" branch-rate="1" complexity="1">
              <lines>
                <line number="20" hits="32" branch="False" />
              </lines>
            </method>
            <method name="get_HasNextPage" signature="()" line-rate="1" branch-rate="1" complexity="1">
              <lines>
                <line number="26" hits="40" branch="False" />
              </lines>
            </method>
            <method name="get_HasPreviousPage" signature="()" line-rate="1" branch-rate="1" complexity="1">
              <lines>
                <line number="32" hits="40" branch="False" />
              </lines>
            </method>
            <method name="get_NextPageUrl" signature="()" line-rate="1" branch-rate="1" complexity="1">
              <lines>
                <line number="38" hits="39" branch="False" />
              </lines>
            </method>
            <method name="get_PreviousPageUrl" signature="()" line-rate="1" branch-rate="1" complexity="1">
              <lines>
                <line number="44" hits="36" branch="False" />
              </lines>
            </method>
            <method name="get_FirstPageUrl" signature="()" line-rate="1" branch-rate="1" complexity="1">
              <lines>
                <line number="50" hits="48" branch="False" />
              </lines>
            </method>
            <method name="get_LastPageUrl" signature="()" line-rate="1" branch-rate="1" complexity="1">
              <lines>
                <line number="56" hits="48" branch="False" />
              </lines>
            </method>
            <method name="ToLinkHttpHeaderValue" signature="()" line-rate="1" branch-rate="1" complexity="12">
              <lines>
                <line number="67" hits="8" branch="False" />
                <line number="69" hits="8" branch="True" condition-coverage="100% (4/4)">
                  <conditions>
                    <condition number="13" type="jump" coverage="100%" />
                    <condition number="21" type="jump" coverage="100%" />
                  </conditions>
                </line>
                <line number="71" hits="5" branch="False" />
                <line number="74" hits="8" branch="True" condition-coverage="100% (4/4)">
                  <conditions>
                    <condition number="51" type="jump" coverage="100%" />
                    <condition number="59" type="jump" coverage="100%" />
                  </conditions>
                </line>
                <line number="76" hits="4" branch="False" />
                <line number="79" hits="8" branch="True" condition-coverage="100% (2/2)">
                  <conditions>
                    <condition number="89" type="jump" coverage="100%" />
                  </conditions>
                </line>
                <line number="81" hits="8" branch="False" />
                <line number="84" hits="8" branch="True" condition-coverage="100% (2/2)">
                  <conditions>
                    <condition number="119" type="jump" coverage="100%" />
                  </conditions>
                </line>
                <line number="86" hits="8" branch="False" />
                <line number="89" hits="8" branch="False" />
              </lines>
            </method>
            <method name="GetLinkValueItem" signature="(System.String,System.Uri)" line-rate="1" branch-rate="1" complexity="1">
              <lines>
                <line number="93" hits="25" branch="False" />
              </lines>
            </method>
          </methods>
          <lines>
            <line number="20" hits="32" branch="False" />
            <line number="26" hits="40" branch="False" />
            <line number="32" hits="40" branch="False" />
            <line number="38" hits="39" branch="False" />
            <line number="44" hits="36" branch="False" />
            <line number="50" hits="48" branch="False" />
            <line number="56" hits="48" branch="False" />
            <line number="67" hits="8" branch="False" />
            <line number="69" hits="8" branch="True" condition-coverage="100% (4/4)">
              <conditions>
                <condition number="13" type="jump" coverage="100%" />
                <condition number="21" type="jump" coverage="100%" />
              </conditions>
            </line>
            <line number="71" hits="5" branch="False" />
            <line number="74" hits="8" branch="True" condition-coverage="100% (4/4)">
              <conditions>
                <condition number="51" type="jump" coverage="100%" />
                <condition number="59" type="jump" coverage="100%" />
              </conditions>
            </line>
            <line number="76" hits="4" branch="False" />
            <line number="79" hits="8" branch="True" condition-coverage="100% (2/2)">
              <conditions>
                <condition number="89" type="jump" coverage="100%" />
              </conditions>
            </line>
            <line number="81" hits="8" branch="False" />
            <line number="84" hits="8" branch="True" condition-coverage="100% (2/2)">
              <conditions>
                <condition number="119" type="jump" coverage="100%" />
              </conditions>
            </line>
            <line number="86" hits="8" branch="False" />
            <line number="89" hits="8" branch="False" />
            <line number="93" hits="25" branch="False" />
          </lines>
        </class>
        <class name="Scenes.Service.ViewModels.PageOptions" filename="ViewModels/PageOptions.cs" line-rate="1" branch-rate="1" complexity="4">
          <methods>
            <method name="get_First" signature="()" line-rate="1" branch-rate="1" complexity="1">
              <lines>
                <line number="15" hits="114" branch="False" />
              </lines>
            </method>
            <method name="get_Last" signature="()" line-rate="1" branch-rate="1" complexity="1">
              <lines>
                <line number="22" hits="77" branch="False" />
              </lines>
            </method>
            <method name="get_After" signature="()" line-rate="1" branch-rate="1" complexity="1">
              <lines>
                <line number="28" hits="49" branch="False" />
              </lines>
            </method>
            <method name="get_Before" signature="()" line-rate="1" branch-rate="1" complexity="1">
              <lines>
                <line number="34" hits="47" branch="False" />
              </lines>
            </method>
          </methods>
          <lines>
            <line number="15" hits="114" branch="False" />
            <line number="22" hits="77" branch="False" />
            <line number="28" hits="49" branch="False" />
            <line number="34" hits="47" branch="False" />
          </lines>
        </class>
        <class name="Scenes.Service.ViewModels.SaveScene" filename="ViewModels/SaveScene.cs" line-rate="1" branch-rate="1" complexity="2">
          <methods>
            <method name="get_Name" signature="()" line-rate="1" branch-rate="1" complexity="1">
              <lines>
                <line number="15" hits="28" branch="False" />
              </lines>
            </method>
            <method name="get_Description" signature="()" line-rate="1" branch-rate="1" complexity="1">
              <lines>
                <line number="22" hits="26" branch="False" />
              </lines>
            </method>
          </methods>
          <lines>
            <line number="15" hits="28" branch="False" />
            <line number="22" hits="26" branch="False" />
          </lines>
        </class>
        <class name="Scenes.Service.ViewModels.Scene" filename="ViewModels/Scene.cs" line-rate="1" branch-rate="1" complexity="4">
          <methods>
            <method name="get_SceneId" signature="()" line-rate="1" branch-rate="1" complexity="1">
              <lines>
                <line number="14" hits="72" branch="False" />
              </lines>
            </method>
            <method name="get_Name" signature="()" line-rate="1" branch-rate="1" complexity="1">
              <lines>
                <line number="20" hits="72" branch="False" />
              </lines>
            </method>
            <method name="get_Description" signature="()" line-rate="1" branch-rate="1" complexity="1">
              <lines>
                <line number="26" hits="71" branch="False" />
              </lines>
            </method>
            <method name="get_Url" signature="()" line-rate="1" branch-rate="1" complexity="1">
              <lines>
                <line number="32" hits="71" branch="False" />
              </lines>
            </method>
          </methods>
          <lines>
            <line number="14" hits="72" branch="False" />
            <line number="20" hits="72" branch="False" />
            <line number="26" hits="71" branch="False" />
            <line number="32" hits="71" branch="False" />
          </lines>
        </class>
        <class name="Scenes.Service.Services.ClockService" filename="Services/ClockService.cs" line-rate="0" branch-rate="1" complexity="1">
          <methods>
            <method name="get_UtcNow" signature="()" line-rate="0" branch-rate="1" complexity="1">
              <lines>
                <line number="10" hits="0" branch="False" />
              </lines>
            </method>
          </methods>
          <lines>
            <line number="10" hits="0" branch="False" />
          </lines>
        </class>
        <class name="Scenes.Service.Repositories.EnumerableExtensions" filename="Repositories/EnumerableExtensions.cs" line-rate="0" branch-rate="0" complexity="6">
          <methods>
            <method name="If" signature="(System.Collections.Generic.IEnumerable`1&lt;T&gt;,System.Boolean,System.Func`2&lt;System.Collections.Generic.IEnumerable`1&lt;T&gt;,System.Collections.Generic.IEnumerable`1&lt;T&gt;&gt;)" line-rate="0" branch-rate="0" complexity="6">
              <lines>
                <line number="13" hits="0" branch="True" condition-coverage="0% (0/2)">
                  <conditions>
                    <condition number="1" type="jump" coverage="0%" />
                  </conditions>
                </line>
                <line number="15" hits="0" branch="False" />
                <line number="18" hits="0" branch="True" condition-coverage="0% (0/2)">
                  <conditions>
                    <condition number="15" type="jump" coverage="0%" />
                  </conditions>
                </line>
                <line number="20" hits="0" branch="False" />
                <line number="23" hits="0" branch="True" condition-coverage="0% (0/2)">
                  <conditions>
                    <condition number="29" type="jump" coverage="0%" />
                  </conditions>
                </line>
                <line number="25" hits="0" branch="False" />
                <line number="28" hits="0" branch="False" />
              </lines>
            </method>
          </methods>
          <lines>
            <line number="13" hits="0" branch="True" condition-coverage="0% (0/2)">
              <conditions>
                <condition number="1" type="jump" coverage="0%" />
              </conditions>
            </line>
            <line number="15" hits="0" branch="False" />
            <line number="18" hits="0" branch="True" condition-coverage="0% (0/2)">
              <conditions>
                <condition number="15" type="jump" coverage="0%" />
              </conditions>
            </line>
            <line number="20" hits="0" branch="False" />
            <line number="23" hits="0" branch="True" condition-coverage="0% (0/2)">
              <conditions>
                <condition number="29" type="jump" coverage="0%" />
              </conditions>
            </line>
            <line number="25" hits="0" branch="False" />
            <line number="28" hits="0" branch="False" />
          </lines>
        </class>
        <class name="Scenes.Service.Repositories.SceneRepository" filename="Repositories/SceneRepository.cs" line-rate="0" branch-rate="0" complexity="21">
          <methods>
            <method name="AddAsync" signature="(Scenes.Service.Models.Scene,System.Threading.CancellationToken)" line-rate="0" branch-rate="0" complexity="2">
              <lines>
                <line number="66" hits="0" branch="True" condition-coverage="0% (0/2)">
                  <conditions>
                    <condition number="1" type="jump" coverage="0%" />
                  </conditions>
                </line>
                <line number="68" hits="0" branch="False" />
                <line number="71" hits="0" branch="False" />
                <line number="72" hits="0" branch="False" />
                <line number="73" hits="0" branch="False" />
              </lines>
            </method>
            <method name="DeleteAsync" signature="(Scenes.Service.Models.Scene,System.Threading.CancellationToken)" line-rate="0" branch-rate="0" complexity="2">
              <lines>
[...]
              <conditions>
                <condition number="901" type="jump" coverage="50%" />
              </conditions>
            </line>
            <line number="61" hits="0" branch="False" />
            <line number="65" hits="8" branch="False" />
            <line number="67" hits="8" branch="False" />
            <line number="68" hits="8" branch="True" condition-coverage="100% (12/12)">
              <conditions>
                <condition number="1058" type="jump" coverage="100%" />
                <condition number="1102" type="jump" coverage="100%" />
                <condition number="1186" type="jump" coverage="100%" />
                <condition number="1230" type="jump" coverage="100%" />
                <condition number="1347" type="jump" coverage="100%" />
                <condition number="1456" type="jump" coverage="100%" />
              </conditions>
            </line>
            <line number="69" hits="8" branch="False" />
            <line number="70" hits="8" branch="False" />
            <line number="71" hits="8" branch="False" />
            <line number="72" hits="8" branch="False" />
            <line number="73" hits="8" branch="False" />
            <line number="74" hits="8" branch="False" />
            <line number="75" hits="8" branch="False" />
            <line number="76" hits="8" branch="False" />
            <line number="77" hits="8" branch="False" />
            <line number="78" hits="8" branch="False" />
            <line number="79" hits="8" branch="False" />
            <line number="80" hits="8" branch="False" />
            <line number="81" hits="8" branch="False" />
            <line number="82" hits="8" branch="False" />
            <line number="83" hits="8" branch="False" />
            <line number="84" hits="8" branch="False" />
            <line number="85" hits="8" branch="False" />
            <line number="86" hits="8" branch="False" />
            <line number="87" hits="8" branch="False" />
            <line number="88" hits="8" branch="False" />
            <line number="89" hits="8" branch="False" />
            <line number="90" hits="8" branch="False" />
            <line number="91" hits="8" branch="False" />
            <line number="92" hits="8" branch="False" />
            <line number="93" hits="8" branch="False" />
            <line number="94" hits="8" branch="False" />
            <line number="95" hits="8" branch="False" />
            <line number="96" hits="8" branch="False" />
            <line number="97" hits="8" branch="False" />
            <line number="98" hits="8" branch="False" />
            <line number="99" hits="8" branch="False" />
            <line number="100" hits="8" branch="False" />
            <line number="101" hits="8" branch="False" />
            <line number="102" hits="8" branch="False" />
            <line number="103" hits="8" branch="False" />
            <line number="104" hits="8" branch="False" />
            <line number="105" hits="8" branch="False" />
            <line number="106" hits="8" branch="False" />
            <line number="107" hits="8" branch="False" />
            <line number="108" hits="8" branch="False" />
            <line number="110" hits="8" branch="False" />
            <line number="111" hits="8" branch="False" />
            <line number="112" hits="8" branch="False" />
            <line number="114" hits="8" branch="False" />
            <line number="115" hits="8" branch="False" />
          </lines>
        </class>
        <class name="Scenes.Service.Commands.GetScenePageCommand/&lt;GetHasNextPageAsync&gt;d__9" filename="Commands/GetScenePageCommand.cs" line-rate="1" branch-rate="1" complexity="4">
          <methods>
            <method name="MoveNext" signature="()" line-rate="1" branch-rate="1" complexity="4">
              <lines>
                <line number="143" hits="8" branch="True" condition-coverage="100% (2/2)">
                  <conditions>
                    <condition number="28" type="jump" coverage="100%" />
                  </conditions>
                </line>
                <line number="145" hits="5" branch="False" />
                <line number="146" hits="5" branch="False" />
                <line number="147" hits="5" branch="False" />
                <line number="149" hits="3" branch="True" condition-coverage="100% (2/2)">
                  <conditions>
                    <condition number="173" type="jump" coverage="100%" />
                  </conditions>
                </line>
                <line number="151" hits="1" branch="False" />
                <line number="154" hits="2" branch="False" />
                <line number="155" hits="8" branch="False" />
              </lines>
            </method>
          </methods>
          <lines>
            <line number="143" hits="8" branch="True" condition-coverage="100% (2/2)">
              <conditions>
                <condition number="28" type="jump" coverage="100%" />
              </conditions>
            </line>
            <line number="145" hits="5" branch="False" />
            <line number="146" hits="5" branch="False" />
            <line number="147" hits="5" branch="False" />
            <line number="149" hits="3" branch="True" condition-coverage="100% (2/2)">
              <conditions>
                <condition number="173" type="jump" coverage="100%" />
              </conditions>
            </line>
            <line number="151" hits="1" branch="False" />
            <line number="154" hits="2" branch="False" />
            <line number="155" hits="8" branch="False" />
          </lines>
        </class>
        <class name="Scenes.Service.Commands.GetScenePageCommand/&lt;GetHasPreviousPageAsync&gt;d__10" filename="Commands/GetScenePageCommand.cs" line-rate="1" branch-rate="1" complexity="4">
          <methods>
            <method name="MoveNext" signature="()" line-rate="1" branch-rate="1" complexity="4">
              <lines>
                <line number="163" hits="8" branch="True" condition-coverage="100% (2/2)">
                  <conditions>
                    <condition number="28" type="jump" coverage="100%" />
                  </conditions>
                </line>
                <line number="165" hits="3" branch="False" />
                <line number="166" hits="3" branch="False" />
                <line number="167" hits="3" branch="False" />
                <line number="169" hits="5" branch="True" condition-coverage="100% (2/2)">
                  <conditions>
                    <condition number="173" type="jump" coverage="100%" />
                  </conditions>
                </line>
                <line number="171" hits="2" branch="False" />
                <line number="174" hits="3" branch="False" />
                <line number="175" hits="8" branch="False" />
              </lines>
            </method>
          </methods>
          <lines>
            <line number="163" hits="8" branch="True" condition-coverage="100% (2/2)">
              <conditions>
                <condition number="28" type="jump" coverage="100%" />
              </conditions>
            </line>
            <line number="165" hits="3" branch="False" />
            <line number="166" hits="3" branch="False" />
            <line number="167" hits="3" branch="False" />
            <line number="169" hits="5" branch="True" condition-coverage="100% (2/2)">
              <conditions>
                <condition number="173" type="jump" coverage="100%" />
              </conditions>
            </line>
            <line number="171" hits="2" branch="False" />
            <line number="174" hits="3" branch="False" />
            <line number="175" hits="8" branch="False" />
          </lines>
        </class>
        <class name="Scenes.Service.Commands.PatchSceneCommand" filename="Commands/PatchSceneCommand.cs" line-rate="1" branch-rate="1" complexity="1">
          <methods>
            <method name=".ctor" signature="(Microsoft.AspNetCore.Mvc.Infrastructure.IActionContextAccessor,Microsoft.AspNetCore.Mvc.ModelBinding.Validation.IObjectModelValidator,Scenes.Service.Repositories.ISceneRepository,Boxed.Mapping.IMapper`2&lt;Scenes.Service.Models.Scene,Scenes.Service.ViewModels.Scene&gt;,Boxed.Mapping.IMapper`2&lt;Scenes.Service.Models.Scene,Scenes.Service.ViewModels.SaveScene&gt;,Boxed.Mapping.IMapper`2&lt;Scenes.Service.ViewModels.SaveScene,Scenes.Service.Models.Scene&gt;)" line-rate="1" branch-rate="1" complexity="1">
              <lines>
                <line number="22" hits="3" branch="False" />
                <line number="23" hits="3" branch="False" />
                <line number="24" hits="3" branch="False" />
                <line number="25" hits="3" branch="False" />
                <line number="26" hits="3" branch="False" />
                <line number="27" hits="3" branch="False" />
                <line number="28" hits="3" branch="False" />
                <line number="30" hits="3" branch="False" />
                <line number="31" hits="3" branch="False" />
                <line number="32" hits="3" branch="False" />
                <line number="33" hits="3" branch="False" />
                <line number="34" hits="3" branch="False" />
                <line number="35" hits="3" branch="False" />
                <line number="36" hits="3" branch="False" />
              </lines>
            </method>
          </methods>
          <lines>
            <line number="22" hits="3" branch="False" />
            <line number="23" hits="3" branch="False" />
            <line number="24" hits="3" branch="False" />
            <line number="25" hits="3" branch="False" />
            <line number="26" hits="3" branch="False" />
            <line number="27" hits="3" branch="False" />
            <line number="28" hits="3" branch="False" />
            <line number="30" hits="3" branch="False" />
            <line number="31" hits="3" branch="False" />
            <line number="32" hits="3" branch="False" />
            <line number="33" hits="3" branch="False" />
            <line number="34" hits="3" branch="False" />
            <line number="35" hits="3" branch="False" />
            <line number="36" hits="3" branch="False" />
          </lines>
        </class>
        <class name="Scenes.Service.Commands.PatchSceneCommand/&lt;ExecuteAsync&gt;d__7" filename="Commands/PatchSceneCommand.cs" line-rate="1" branch-rate="1" complexity="4">
          <methods>
            <method name="MoveNext" signature="()" line-rate="1" branch-rate="1" complexity="4">
              <lines>
                <line number="43" hits="3" branch="False" />
                <line number="44" hits="3" branch="True" condition-coverage="100% (2/2)">
                  <conditions>
                    <condition number="161" type="jump" coverage="100%" />
                  </conditions>
                </line>
                <line number="46" hits="1" branch="False" />
                <line number="49" hits="2" branch="False" />
                <line number="50" hits="2" branch="False" />
                <line number="51" hits="2" branch="False" />
                <line number="52" hits="2" branch="False" />
                <line number="53" hits="2" branch="False" />
                <line number="54" hits="2" branch="False" />
                <line number="55" hits="2" branch="False" />
                <line number="56" hits="2" branch="False" />
                <line number="57" hits="2" branch="True" condition-coverage="100% (2/2)">
                  <conditions>
                    <condition number="256" type="jump" coverage="100%" />
                  </conditions>
                </line>
                <line number="59" hits="1" branch="False" />
                <line number="62" hits="1" branch="False" />
                <line number="63" hits="1" branch="False" />
                <line number="64" hits="1" branch="False" />
                <line number="66" hits="1" branch="False" />
                <line number="67" hits="3" branch="False" />
              </lines>
            </method>
          </methods>
          <lines>
            <line number="43" hits="3" branch="False" />
            <line number="44" hits="3" branch="True" condition-coverage="100% (2/2)">
              <conditions>
                <condition number="161" type="jump" coverage="100%" />
              </conditions>
            </line>
            <line number="46" hits="1" branch="False" />
            <line number="49" hits="2" branch="False" />
            <line number="50" hits="2" branch="False" />
            <line number="51" hits="2" branch="False" />
            <line number="52" hits="2" branch="False" />
            <line number="53" hits="2" branch="False" />
            <line number="54" hits="2" branch="False" />
            <line number="55" hits="2" branch="False" />
            <line number="56" hits="2" branch="False" />
            <line number="57" hits="2" branch="True" condition-coverage="100% (2/2)">
              <conditions>
                <condition number="256" type="jump" coverage="100%" />
              </conditions>
            </line>
            <line number="59" hits="1" branch="False" />
            <line number="62" hits="1" branch="False" />
            <line number="63" hits="1" branch="False" />
            <line number="64" hits="1" branch="False" />
            <line number="66" hits="1" branch="False" />
            <line number="67" hits="3" branch="False" />
          </lines>
        </class>
        <class name="Scenes.Service.Commands.PostSceneCommand" filename="Commands/PostSceneCommand.cs" line-rate="1" branch-rate="1" complexity="1">
          <methods>
            <method name=".ctor" signature="(Scenes.Service.Repositories.ISceneRepository,Boxed.Mapping.IMapper`2&lt;Scenes.Service.Models.Scene,Scenes.Service.ViewModels.Scene&gt;,Boxed.Mapping.IMapper`2&lt;Scenes.Service.ViewModels.SaveScene,Scenes.Service.Models.Scene&gt;)" line-rate="1" branch-rate="1" complexity="1">
              <lines>
                <line number="17" hits="4" branch="False" />
                <line number="18" hits="4" branch="False" />
                <line number="19" hits="4" branch="False" />
                <line number="20" hits="4" branch="False" />
                <line number="22" hits="4" branch="False" />
                <line number="23" hits="4" branch="False" />
                <line number="24" hits="4" branch="False" />
                <line number="25" hits="4" branch="False" />
              </lines>
            </method>
          </methods>
          <lines>
            <line number="17" hits="4" branch="False" />
            <line number="18" hits="4" branch="False" />
            <line number="19" hits="4" branch="False" />
            <line number="20" hits="4" branch="False" />
            <line number="22" hits="4" branch="False" />
            <line number="23" hits="4" branch="False" />
            <line number="24" hits="4" branch="False" />
            <line number="25" hits="4" branch="False" />
          </lines>
        </class>
        <class name="Scenes.Service.Commands.PostSceneCommand/&lt;ExecuteAsync&gt;d__4" filename="Commands/PostSceneCommand.cs" line-rate="1" branch-rate="1" complexity="1">
          <methods>
            <method name="MoveNext" signature="()" line-rate="1" branch-rate="1" complexity="1">
              <lines>
                <line number="29" hits="1" branch="False" />
                <line number="30" hits="1" branch="False" />
                <line number="31" hits="1" branch="False" />
                <line number="33" hits="1" branch="False" />
                <line number="34" hits="1" branch="False" />
                <line number="35" hits="1" branch="False" />
                <line number="36" hits="1" branch="False" />
                <line number="37" hits="1" branch="False" />
              </lines>
            </method>
          </methods>
          <lines>
            <line number="29" hits="1" branch="False" />
            <line number="30" hits="1" branch="False" />
            <line number="31" hits="1" branch="False" />
            <line number="33" hits="1" branch="False" />
            <line number="34" hits="1" branch="False" />
            <line number="35" hits="1" branch="False" />
            <line number="36" hits="1" branch="False" />
            <line number="37" hits="1" branch="False" />
          </lines>
        </class>
        <class name="Scenes.Service.Commands.PutSceneCommand" filename="Commands/PutSceneCommand.cs" line-rate="1" branch-rate="1" complexity="1">
          <methods>
            <method name=".ctor" signature="(Scenes.Service.Repositories.ISceneRepository,Boxed.Mapping.IMapper`2&lt;Scenes.Service.Models.Scene,Scenes.Service.ViewModels.Scene&gt;,Boxed.Mapping.IMapper`2&lt;Scenes.Service.ViewModels.SaveScene,Scenes.Service.Models.Scene&gt;)" line-rate="1" branch-rate="1" complexity="1">
              <lines>
                <line number="16" hits="3" branch="False" />
                <line number="17" hits="3" branch="False" />
                <line number="18" hits="3" branch="False" />
                <line number="19" hits="3" branch="False" />
                <line number="21" hits="3" branch="False" />
                <line number="22" hits="3" branch="False" />
                <line number="23" hits="3" branch="False" />
                <line number="24" hits="3" branch="False" />
              </lines>
            </method>
          </methods>
          <lines>
            <line number="16" hits="3" branch="False" />
            <line number="17" hits="3" branch="False" />
            <line number="18" hits="3" branch="False" />
            <line number="19" hits="3" branch="False" />
            <line number="21" hits="3" branch="False" />
            <line number="22" hits="3" branch="False" />
            <line number="23" hits="3" branch="False" />
            <line number="24" hits="3" branch="False" />
          </lines>
        </class>
        <class name="Scenes.Service.Commands.PutSceneCommand/&lt;ExecuteAsync&gt;d__4" filename="Commands/PutSceneCommand.cs" line-rate="1" branch-rate="1" complexity="2">
          <methods>
            <method name="MoveNext" signature="()" line-rate="1" branch-rate="1" complexity="2">
              <lines>
                <line number="28" hits="2" branch="False" />
                <line number="29" hits="2" branch="True" condition-coverage="100% (2/2)">
                  <conditions>
                    <condition number="151" type="jump" coverage="100%" />
                  </conditions>
                </line>
                <line number="31" hits="1" branch="False" />
                <line number="34" hits="1" branch="False" />
                <line number="35" hits="1" branch="False" />
                <line number="36" hits="1" branch="False" />
                <line number="38" hits="1" branch="False" />
                <line number="39" hits="2" branch="False" />
              </lines>
            </method>
          </methods>
          <lines>
            <line number="28" hits="2" branch="False" />
            <line number="29" hits="2" branch="True" condition-coverage="100% (2/2)">
              <conditions>
                <condition number="151" type="jump" coverage="100%" />
              </conditions>
            </line>
            <line number="31" hits="1" branch="False" />
            <line number="34" hits="1" branch="False" />
            <line number="35" hits="1" branch="False" />
            <line number="36" hits="1" branch="False" />
            <line number="38" hits="1" branch="False" />
            <line number="39" hits="2" branch="False" />
          </lines>
        </class>
      </classes>
    </package>
  </packages>
</coverage>